SYMBOL,CLIENT_LIMIT,EXCHANGE
360ONE,4466000,BSE
360ONE,4466000,NSE
360ONE,4466000,MSEI
ABB,794625,BSE
ABB,794625,MSEI
ABB,794625,NSE
ABCAPITAL,12229500,BSE
ABCAPITAL,12229500,MSEI
ABCAPITAL,12229500,NSE
ADANIENSOL,5190075,BSE
ADANIENSOL,5190075,MSEI
ADANIENSOL,5190075,NSE
ADANIENT,3094017,MSEI
ADANIENT,3094017,BSE
ADANIENT,3094017,NSE
ADANIGREEN,6187200,MSEI
ADANIGREEN,6187200,BSE
ADANIGREEN,6187200,NSE
ADANIPORTS,7379600,MSEI
ADANIPORTS,7379600,BSE
ADANIPORTS,7379600,NSE
ALKEM,613000,BSE
ALKEM,613000,MSEI
ALKEM,613000,NSE
AMBER,306700,BSE
AMBER,306700,MSEI
AMBER,306700,NSE
AMBUJACEM,11975250,MSEI
AMBUJACEM,11975250,BSE
AMBUJACEM,11975250,NSE
ANGELONE,964750,MSEI
ANGELONE,964750,BSE
ANGELONE,964750,NSE
APLAPOLLO,2723000,MSEI
APLAPOLLO,2723000,BSE
APLAPOLLO,2723000,NSE
APOLLOHOSP,1524000,BSE
APOLLOHOSP,1524000,MSEI
APOLLOHOSP,1524000,NSE
ASHOKLEY,40915000,BSE
ASHOKLEY,40915000,MSEI
ASHOKLEY,40915000,NSE
ASIANPAINT,5235500,BSE
ASIANPAINT,5235500,MSEI
ASIANPAINT,5235500,NSE
ASTRAL,1849175,MSEI
ASTRAL,1849175,BSE
ASTRAL,1849175,NSE
AUBANK,8623000,MSEI
AUBANK,8623000,BSE
AUBANK,8623000,NSE
AUROPHARMA,4197600,BSE
AUROPHARMA,4197600,MSEI
AUROPHARMA,4197600,NSE
AXISBANK,31614375,BSE
AXISBANK,31614375,MSEI
AXISBANK,31614375,NSE
BAJAJ-AUTO,1254750,MSEI
BAJAJ-AUTO,1254750,BSE
BAJAJ-AUTO,1254750,NSE
BAJAJFINSV,6565750,MSEI
BAJAJFINSV,6565750,BSE
BAJAJFINSV,6565750,NSE
BAJFINANCE,28111500,BSE
BAJFINANCE,28111500,MSEI
BAJFINANCE,28111500,NSE
BANDHANBNK,14274000,BSE
BANDHANBNK,14274000,MSEI
BANDHANBNK,14274000,NSE
BANKBARODA,25748775,BSE
BANKBARODA,25748775,NSE
BANKBARODA,25748775,MSEI
BANKEX,8082,BSE
BANKINDIA,18174000,BSE
BANKINDIA,18174000,MSEI
BANKINDIA,18174000,NSE
BANKNIFTY,5578361,NSE
BDL,1378650,BSE
BDL,1378650,NSE
BDL,1378650,MSEI
BEL,53577150,BSE
BEL,53577150,MSEI
BEL,53577150,NSE
BHARATFORG,3515500,BSE
BHARATFORG,3515500,NSE
BHARATFORG,3515500,MSEI
BHARTIARTL,31405575,MSEI
BHARTIARTL,31405575,BSE
BHARTIARTL,31405575,NSE
BHEL,16902375,BSE
BHEL,16902375,MSEI
BHEL,16902375,NSE
BIOCON,9097500,BSE
BIOCON,9097500,MSEI
BIOCON,9097500,NSE
BLUESTARCO,1958450,MSEI
BLUESTARCO,1958450,BSE
BLUESTARCO,1958450,NSE
BOSCHLTD,98250,MSEI
BOSCHLTD,98250,BSE
BOSCHLTD,98250,NSE
BPCL,28157575,MSEI
BPCL,28157575,BSE
BPCL,28157575,NSE
BRITANNIA,1308250,BSE
BRITANNIA,1308250,MSEI
BRITANNIA,1308250,NSE
BSE,4838250,MSEI
BSE,4838250,BSE
BSE,4838250,NSE
CAMS,742050,MSEI
CAMS,742050,BSE
CAMS,742050,NSE
CANBK,50429250,BSE
CANBK,50429250,MSEI
CANBK,50429250,NSE
CDSL,2664750,MSEI
CDSL,2664750,BSE
CDSL,2664750,NSE
CGPOWER,10024050,BSE
CGPOWER,10024050,MSEI
CGPOWER,10024050,NSE
CHOLAFIN,6320625,BSE
CHOLAFIN,6320625,MSEI
CHOLAFIN,6320625,NSE
CIPLA,5707125,BSE
CIPLA,5707125,MSEI
CIPLA,5707125,NSE
COALINDIA,22719150,BSE
COALINDIA,22719150,MSEI
COALINDIA,22719150,NSE
COFORGE,5016375,MSEI
COFORGE,5016375,BSE
COFORGE,5016375,NSE
COLPAL,1998900,BSE
COLPAL,1998900,MSEI
COLPAL,1998900,NSE
CONCOR,4807500,MSEI
CONCOR,4807500,BSE
CONCOR,4807500,NSE
CROMPTON,8139600,BSE
CROMPTON,8139600,MSEI
CROMPTON,8139600,NSE
CUMMINSIND,2037400,BSE
CUMMINSIND,2037400,MSEI
CUMMINSIND,2037400,NSE
CYIENT,1203600,BSE
CYIENT,1203600,MSEI
CYIENT,1203600,NSE
DABUR,8986250,MSEI
DABUR,8986250,BSE
DABUR,8986250,NSE
DALBHARAT,1242475,BSE
DALBHARAT,1242475,MSEI
DALBHARAT,1242475,NSE
DELHIVERY,9418425,BSE
DELHIVERY,9418425,MSEI
DELHIVERY,9418425,NSE
DIVISLAB,1635300,MSEI
DIVISLAB,1635300,BSE
DIVISLAB,1635300,NSE
DIXON,644500,MSEI
DIXON,644500,BSE
DIXON,644500,NSE
DLF,8366325,MSEI
DLF,8366325,BSE
DLF,8366325,NSE
DMART,2213550,BSE
DMART,2213550,MSEI
DMART,2213550,NSE
DRREDDY,6100625,BSE
DRREDDY,6100625,MSEI
DRREDDY,6100625,NSE
EICHERMOT,2035250,BSE
EICHERMOT,2035250,MSEI
EICHERMOT,2035250,NSE
ETERNAL,136197700,BSE
ETERNAL,136197700,MSEI
ETERNAL,136197700,NSE
EXIDEIND,6885000,BSE
EXIDEIND,6885000,MSEI
EXIDEIND,6885000,NSE
FEDERALBNK,33865000,BSE
FEDERALBNK,33865000,MSEI
FEDERALBNK,33865000,NSE
FINNIFTY,193009,NSE
FORTIS,6248825,BSE
FORTIS,6248825,MSEI
FORTIS,6248825,NSE
GAIL,40241250,MSEI
GAIL,40241250,BSE
GAIL,40241250,NSE
GLENMARK,2258250,BSE
GLENMARK,2258250,MSEI
GLENMARK,2258250,NSE
GMRAIRPORT,53470350,MSEI
GMRAIRPORT,53470350,BSE
GMRAIRPORT,53470350,NSE
GODREJCP,5800000,BSE
GODREJCP,5800000,MSEI
GODREJCP,5800000,NSE
GODREJPROP,2408175,BSE
GODREJPROP,2408175,MSEI
GODREJPROP,2408175,NSE
GRASIM,3851250,BSE
GRASIM,3851250,MSEI
GRASIM,3851250,NSE
HAL,2845050,MSEI
HAL,2845050,BSE
HAL,2845050,NSE
HAVELLS,3813000,BSE
HAVELLS,3813000,MSEI
HAVELLS,3813000,NSE
HCLTECH,14599200,MSEI
HCLTECH,14599200,BSE
HCLTECH,14599200,NSE
HDFCAMC,1525800,BSE
HDFCAMC,1525800,MSEI
HDFCAMC,1525800,NSE
HDFCBANK,132972950,BSE
HDFCBANK,132972950,MSEI
HDFCBANK,132972950,NSE
HDFCLIFE,11929500,BSE
HDFCLIFE,11929500,MSEI
HDFCLIFE,11929500,NSE
HEROMOTOCO,1957800,BSE
HEROMOTOCO,1957800,MSEI
HEROMOTOCO,1957800,NSE
HFCL,14796300,MSEI
HFCL,14796300,BSE
HFCL,14796300,NSE
HINDALCO,17613400,BSE
HINDALCO,17613400,MSEI
HINDALCO,17613400,NSE
HINDPETRO,14391675,MSEI
HINDPETRO,14391675,BSE
HINDPETRO,14391675,NSE
HINDUNILVR,8951700,BSE
HINDUNILVR,8951700,MSEI
HINDUNILVR,8951700,NSE
HINDZINC,16767800,BSE
HINDZINC,16767800,MSEI
HINDZINC,16767800,NSE
HUDCO,7506375,BSE
HUDCO,7506375,MSEI
HUDCO,7506375,NSE
ICICIBANK,57978200,BSE
ICICIBANK,57978200,MSEI
ICICIBANK,57978200,NSE
ICICIGI,2668575,MSEI
ICICIGI,2668575,BSE
ICICIGI,2668575,NSE
ICICIPRULI,4864575,BSE
ICICIPRULI,4864575,MSEI
ICICIPRULI,4864575,NSE
IDEA,871351725,BSE
IDEA,871351725,MSEI
IDEA,871351725,NSE
IDFCFIRSTB,76129200,BSE
IDFCFIRSTB,76129200,MSEI
IDFCFIRSTB,76129200,NSE
IEX,13338750,MSEI
IEX,13338750,BSE
IEX,13338750,NSE
IGL,9399500,MSEI
IGL,9399500,BSE
IGL,9399500,NSE
IIFL,4788300,BSE
IIFL,4788300,MSEI
IIFL,4788300,NSE
INDHOTEL,11195000,BSE
INDHOTEL,11195000,MSEI
INDHOTEL,11195000,NSE
INDIANB,5286000,MSEI
INDIANB,5286000,BSE
INDIANB,5286000,NSE
INDIGO,3273150,BSE
INDIGO,3273150,MSEI
INDIGO,3273150,NSE
INDUSINDBK,9380000,MSEI
INDUSINDBK,9380000,BSE
INDUSINDBK,9380000,NSE
INDUSTOWER,19769300,BSE
INDUSTOWER,19769300,MSEI
INDUSTOWER,19769300,NSE
INFY,34178800,BSE
INFY,34178800,MSEI
INFY,34178800,NSE
INOXWIND,14468784,MSEI
INOXWIND,14468784,BSE
INOXWIND,14468784,NSE
IOC,68488875,BSE
IOC,68488875,MSEI
IOC,68488875,NSE
IRCTC,3008250,BSE
IRCTC,3008250,MSEI
IRCTC,3008250,NSE
IREDA,11899050,BSE
IREDA,11899050,MSEI
IREDA,11899050,NSE
IRFC,22682250,BSE
IRFC,22682250,MSEI
IRFC,22682250,NSE
ITC,125140800,BSE
ITC,125140800,MSEI
ITC,125140800,NSE
JINDALSTEL,5477500,BSE
JINDALSTEL,5477500,MSEI
JINDALSTEL,5477500,NSE
JIOFIN,44645300,BSE
JIOFIN,44645300,MSEI
JIOFIN,44645300,NSE
JSWENERGY,8020000,BSE
JSWENERGY,8020000,MSEI
JSWENERGY,8020000,NSE
JSWSTEEL,13316400,BSE
JSWSTEEL,13316400,MSEI
JSWSTEEL,13316400,NSE
JUBLFOOD,4887500,BSE
JUBLFOOD,4887500,NSE
JUBLFOOD,4887500,MSEI
KALYANKJIL,5755150,MSEI
KALYANKJIL,5755150,BSE
KALYANKJIL,5755150,NSE
KAYNES,466700,BSE
KAYNES,466700,MSEI
KAYNES,466700,NSE
KEI,931350,MSEI
KEI,931350,BSE
KEI,931350,NSE
KFINTECH,1990800,BSE
KFINTECH,1990800,MSEI
KFINTECH,1990800,NSE
KOTAKBANK,21574800,BSE
KOTAKBANK,21574800,MSEI
KOTAKBANK,21574800,NSE
KPITTECH,2456800,BSE
KPITTECH,2456800,MSEI
KPITTECH,2456800,NSE
LAURUSLABS,5862450,MSEI
LAURUSLABS,5862450,BSE
LAURUSLABS,5862450,NSE
LICHSGFIN,4518000,BSE
LICHSGFIN,4518000,MSEI
LICHSGFIN,4518000,NSE
LICI,3205300,BSE
LICI,3205300,MSEI
LICI,3205300,NSE
LODHA,4205700,MSEI
LODHA,4205700,BSE
LODHA,4205700,NSE
LT,13600650,MSEI
LT,13600650,BSE
LT,13600650,NSE
LTF,12676542,MSEI
LTF,12676542,BSE
LTF,12676542,NSE
LTIM,931500,BSE
LTIM,931500,MSEI
LTIM,931500,NSE
LUPIN,3533875,BSE
LUPIN,3533875,MSEI
LUPIN,3533875,NSE
M&M,10026000,MSEI
M&M,10026000,BSE
M&M,10026000,NSE
MANAPPURAM,8220000,BSE
MANAPPURAM,8220000,MSEI
MANAPPURAM,8220000,NSE
MANKIND,1691325,MSEI
MANKIND,1691325,BSE
MANKIND,1691325,NSE
MARICO,7940400,BSE
MARICO,7940400,MSEI
MARICO,7940400,NSE
MARUTI,1675250,BSE
MARUTI,1675250,MSEI
MARUTI,1675250,NSE
MAXHEALTH,9720900,BSE
MAXHEALTH,9720900,MSEI
MAXHEALTH,9720900,NSE
MAZDOCK,1136275,BSE
MAZDOCK,1136275,NSE
MAZDOCK,1136275,MSEI
MCX,763500,BSE
MCX,763500,MSEI
MCX,763500,NSE
MFSL,3471200,BSE
MFSL,3471200,MSEI
MFSL,3471200,NSE
MIDCPNIFTY,3388803,NSE
MOTHERSON,54249150,BSE
MOTHERSON,54249150,NSE
MOTHERSON,54249150,MSEI
MPHASIS,1465200,BSE
MPHASIS,1465200,MSEI
MPHASIS,1465200,NSE
MUTHOOTFIN,1604900,BSE
MUTHOOTFIN,1604900,MSEI
MUTHOOTFIN,1604900,NSE
NATIONALUM,13421250,BSE
NATIONALUM,13421250,MSEI
NATIONALUM,13421250,NSE
NAUKRI,6052875,BSE
NAUKRI,6052875,MSEI
NAUKRI,6052875,NSE
NBCC,15483000,BSE
NBCC,15483000,MSEI
NBCC,15483000,NSE
NCC,7233300,BSE
NCC,7233300,MSEI
NCC,7233300,NSE
NESTLEIND,7180000,BSE
NESTLEIND,7180000,MSEI
NESTLEIND,7180000,NSE
NHPC,39814400,BSE
NHPC,39814400,NSE
NHPC,39814400,MSEI
NIFTY,85609528,NSE
NIFTYNXT50,6131,NSE
NMDC,51698250,BSE
NMDC,51698250,MSEI
NMDC,51698250,NSE
NTPC,57277500,BSE
NTPC,57277500,MSEI
NTPC,57277500,NSE
NUVAMA,244425,BSE
NUVAMA,244425,MSEI
NUVAMA,244425,NSE
NYKAA,20531250,MSEI
NYKAA,20531250,BSE
NYKAA,20531250,NSE
OBEROIRLTY,1761200,MSEI
OBEROIRLTY,1761200,BSE
OBEROIRLTY,1761200,NSE
OFSS,340125,MSEI
OFSS,340125,BSE
OFSS,340125,NSE
OIL,9412200,BSE
OIL,9412200,MSEI
OIL,9412200,NSE
ONGC,51714000,BSE
ONGC,51714000,MSEI
ONGC,51714000,NSE
PAGEIND,95550,BSE
PAGEIND,95550,MSEI
PAGEIND,95550,NSE
PATANJALI,5083200,BSE
PATANJALI,5083200,MSEI
PATANJALI,5083200,NSE
PAYTM,9571450,BSE
PAYTM,9571450,MSEI
PAYTM,9571450,NSE
PERSISTENT,1615100,MSEI
PERSISTENT,1615100,BSE
PERSISTENT,1615100,NSE
PETRONET,9365400,MSEI
PETRONET,9365400,BSE
PETRONET,9365400,NSE
PFC,20359300,MSEI
PFC,20359300,BSE
PFC,20359300,NSE
PGEL,2389100,BSE
PGEL,2389100,MSEI
PGEL,2389100,NSE
PHOENIXLTD,2828000,BSE
PHOENIXLTD,2828000,MSEI
PHOENIXLTD,2828000,NSE
PIDILITIND,3117000,MSEI
PIDILITIND,3117000,BSE
PIDILITIND,3117000,NSE
PIIND,817775,MSEI
PIIND,817775,BSE
PIIND,817775,NSE
PNB,44784000,MSEI
PNB,44784000,BSE
PNB,44784000,NSE
PNBHOUSING,2806050,BSE
PNBHOUSING,2806050,MSEI
PNBHOUSING,2806050,NSE
POLICYBZR,5171950,BSE
POLICYBZR,5171950,MSEI
POLICYBZR,5171950,NSE
POLYCAB,835000,BSE
POLYCAB,835000,MSEI
POLYCAB,835000,NSE
POWERGRID,48883200,MSEI
POWERGRID,48883200,BSE
POWERGRID,48883200,NSE
POWERINDIA,191750,MSEI
POWERINDIA,191750,BSE
POWERINDIA,191750,NSE
PPLPHARMA,12012500,BSE
PPLPHARMA,12012500,MSEI
PPLPHARMA,12012500,NSE
PRESTIGE,2523150,BSE
PRESTIGE,2523150,MSEI
PRESTIGE,2523150,NSE
RBLBANK,9134475,MSEI
RBLBANK,9134475,BSE
RBLBANK,9134475,NSE
RECLTD,18708075,MSEI
RECLTD,18708075,BSE
RECLTD,18708075,NSE
RELIANCE,66270000,BSE
RELIANCE,66270000,MSEI
RELIANCE,66270000,NSE
RVNL,8493375,BSE
RVNL,8493375,MSEI
RVNL,8493375,NSE
SAIL,21685800,BSE
SAIL,21685800,MSEI
SAIL,21685800,NSE
SAMMAANCAP,12229200,BSE
SAMMAANCAP,12229200,MSEI
SAMMAANCAP,12229200,NSE
SBICARD,3957600,BSE
SBICARD,3957600,MSEI
SBICARD,3957600,NSE
SBILIFE,4473375,BSE
SBILIFE,4473375,MSEI
SBILIFE,4473375,NSE
SBIN,40730250,BSE
SBIN,40730250,MSEI
SBIN,40730250,NSE
SENSEX,2666061,BSE
SHREECEM,154800,BSE
SHREECEM,154800,NSE
SHREECEM,154800,MSEI
SHRIRAMFIN,21045750,MSEI
SHRIRAMFIN,21045750,BSE
SHRIRAMFIN,21045750,NSE
SIEMENS,1335375,BSE
SIEMENS,1335375,NSE
SIEMENS,1335375,MSEI
SOLARINDS,364425,BSE
SOLARINDS,364425,MSEI
SOLARINDS,364425,NSE
SONACOMS,6712650,BSE
SONACOMS,6712650,MSEI
SONACOMS,6712650,NSE
SRF,2120400,BSE
SRF,2120400,MSEI
SRF,2120400,NSE
SUNPHARMA,10921750,BSE
SUNPHARMA,10921750,MSEI
SUNPHARMA,10921750,NSE
SUPREMEIND,724150,BSE
SUPREMEIND,724150,MSEI
SUPREMEIND,724150,NSE
SUZLON,181352000,BSE
SUZLON,181352000,MSEI
SUZLON,181352000,NSE
SYNGENE,2840000,MSEI
SYNGENE,2840000,BSE
SYNGENE,2840000,NSE
TATACONSUM,6546650,BSE
TATACONSUM,6546650,MSEI
TATACONSUM,6546650,NSE
TATAELXSI,430900,BSE
TATAELXSI,430900,MSEI
TATAELXSI,430900,NSE
TATAPOWER,16979500,BSE
TATAPOWER,16979500,MSEI
TATAPOWER,16979500,NSE
TATASTEEL,83396500,BSE
TATASTEEL,83396500,MSEI
TATASTEEL,83396500,NSE
TATATECH,2724000,BSE
TATATECH,2724000,MSEI
TATATECH,2724000,NSE
TCS,12329800,BSE
TCS,12329800,MSEI
TCS,12329800,NSE
TECHM,7613400,BSE
TECHM,7613400,MSEI
TECHM,7613400,NSE
TIINDIA,1403800,BSE
TIINDIA,1403800,MSEI
TIINDIA,1403800,NSE
TITAGARH,1202775,BSE
TITAGARH,1202775,MSEI
TITAGARH,1202775,NSE
TITAN,4174275,BSE
TITAN,4174275,MSEI
TITAN,4174275,NSE
TMPV,28456800,BSE
TMPV,28456800,MSEI
TMPV,28456800,NSE
TORNTPHARM,1607250,BSE
TORNTPHARM,1607250,MSEI
TORNTPHARM,1607250,NSE
TORNTPOWER,2464500,BSE
TORNTPOWER,2464500,MSEI
TORNTPOWER,2464500,NSE
TRENT,3359000,BSE
TRENT,3359000,MSEI
TRENT,3359000,NSE
TVSMOTOR,3536925,BSE
TVSMOTOR,3536925,MSEI
TVSMOTOR,3536925,NSE
ULTRACEMCO,1196200,BSE
ULTRACEMCO,1196200,MSEI
ULTRACEMCO,1196200,NSE
UNIONBANK,28904100,BSE
UNIONBANK,28904100,MSEI
UNIONBANK,28904100,NSE
UNITDSPR,4726800,BSE
UNITDSPR,4726800,MSEI
UNITDSPR,4726800,NSE
UNOMINDA,2280850,BSE
UNOMINDA,2280850,MSEI
UNOMINDA,2280850,NSE
UPL,8258725,BSE
UPL,8258725,MSEI
UPL,8258725,NSE
VBL,20380075,BSE
VBL,20380075,MSEI
VBL,20380075,NSE
VEDL,25508150,BSE
VEDL,25508150,MSEI
VEDL,25508150,NSE
VOLTAS,3459375,BSE
VOLTAS,3459375,MSEI
VOLTAS,3459375,NSE
WIPRO,29292000,BSE
WIPRO,29292000,NSE
WIPRO,29292000,MSEI
YESBANK,313643500,BSE
YESBANK,313643500,NSE
YESBANK,313643500,MSEI
ZYDUSLIFE,3261600,BSE
ZYDUSLIFE,3261600,NSE
ZYDUSLIFE,3261600,MSEI
